<?xml version="1.0" encoding="UTF-8"?>
<beans xmlns="http://www.springframework.org/schema/beans"
    xmlns:xsi="http://www.w3.org/2001/XMLSchema-instance" xmlns:context="http://www.springframework.org/schema/context"
    xmlns:jdbc="http://www.springframework.org/schema/jdbc" xmlns:jee="http://www.springframework.org/schema/jee"
    xmlns:tx="http://www.springframework.org/schema/tx" xmlns:util="http://www.springframework.org/schema/util"
    xmlns:task="http://www.springframework.org/schema/task" xmlns:dubbo="http://code.alibabatech.com/schema/dubbo"
    xsi:schemaLocation="
        http://www.springframework.org/schema/beans http://www.springframework.org/schema/beans/spring-beans-4.0.xsd
        http://www.springframework.org/schema/context http://www.springframework.org/schema/context/spring-context-4.0.xsd
        http://www.springframework.org/schema/jdbc http://www.springframework.org/schema/jdbc/spring-jdbc-4.0.xsd
        http://www.springframework.org/schema/jee http://www.springframework.org/schema/jee/spring-jee-4.0.xsd
        http://www.springframework.org/schema/tx http://www.springframework.org/schema/tx/spring-tx-4.0.xsd
        http://www.springframework.org/schema/util http://www.springframework.org/schema/util/spring-util-4.0.xsd
        http://www.springframework.org/schema/task http://www.springframework.org/schema/task/spring-task-4.0.xsd
        http://code.alibabatech.com/schema/dubbo http://code.alibabatech.com/schema/dubbo/dubbo.xsd">
        
    <!-- 引入属性文件 -->
    <context:property-placeholder location="classpath:config.properties"/>
    

    <!-- dubbo -->
    <dubbo:application name="${dubbo.app.name}"/>
    <dubbo:registry protocol="zookeeper" address="${dubbo.zookepper.url}"/>
    <dubbo:protocol name="dubbo" host="${dubbo.protocol.host}" port="${dubbo.protocol.port}" />

	<dubbo:reference interface="com.xczhihui.course.service.ICourseService" id="courseServiceImpl" timeout="${dubbo.provider.timeout}" />
    <!--app学堂 -->
    <dubbo:reference interface="com.xczhihui.course.service.IMobileBannerService" id="mobileBannerServiceImpl" timeout="${dubbo.provider.timeout}" />
    <dubbo:reference interface="com.xczhihui.course.service.IMobileProjectService" id="mobileProjectServiceImpl" timeout="${dubbo.provider.timeout}" />
    <!--观看记录 -->
    <dubbo:reference interface="com.xczhihui.course.service.IWatchHistoryService" id="watchHistoryServiceImpl" timeout="${dubbo.provider.timeout}" />
    <!-- 我的关注，我的粉丝service -->
    <dubbo:reference interface="com.xczhihui.course.service.IFocusService" id="focusServiceRemote" timeout="${dubbo.provider.timeout}" />
    <dubbo:reference interface="com.xczhihui.course.service.IOfflineCityService" id="offlineCityServiceImpl" timeout="${dubbo.provider.timeout}" />
    <!-- 我的信息管理类 -->
    <dubbo:reference interface="com.xczhihui.course.service.IMyInfoService" id="myInfoServiceImpl" timeout="${dubbo.provider.timeout}"  />
    <!-- 微博、qq第三方登录数据存储接口 -->
    <dubbo:reference interface="com.xczhihui.course.service.IThreePartiesLoginService" id="threePartiesLoginServiceImpl" timeout="${dubbo.provider.timeout}"  />

    <!--订单服务-->
    <dubbo:reference interface="com.xczhihui.course.service.IOrderService" id="orderServiceImpl" timeout="${dubbo.provider.timeout}"  />
    <!--评论服务-->
    <dubbo:reference interface="com.xczhihui.course.service.ICriticizeService" id="criticizeServiceImpl" timeout="${dubbo.provider.timeout}"  />
    <!--评论服务-->
    <dubbo:reference interface="com.xczhihui.course.service.IPaymentRecordService" id="paymentRecordServiceImpl" timeout="${dubbo.provider.timeout}"  />
    <!--热门搜索服务-->
    <dubbo:reference interface="com.xczhihui.course.service.IMobileHotSearchService" id="mobileHotSearchServiceImpl" timeout="${dubbo.provider.timeout}"  />
    <!--消息服务-->
    <dubbo:reference interface="com.xczhihui.course.service.ICommonMessageService" id="commonMessageServiceImpl" timeout="${dubbo.provider.timeout}"/>
    <!--微信接口服务-->
    <dubbo:reference interface="me.chanjar.weixin.mp.api.WxMpService" id="wxMpService" timeout="${dubbo.provider.timeout}"/>
    <dubbo:reference interface="me.chanjar.weixin.mp.api.WxMpConfigStorage" id="wxMpConfigStorage" timeout="${dubbo.provider.timeout}"/>

	 <!--线下课报名信息 -->
    <dubbo:reference interface="com.xczhihui.course.service.ILineApplyService" id="lineApplyServiceImpl"  timeout="${dubbo.consumer.timeout}"/>

</beans>